Determining if the Q_WS_WIN exist failed with the following output:
Change Dir: /home/damian/projects/QtApps/qmlTransparentQt4/build/CMakeFiles/CMakeTmp

Run Build Command:/usr/bin/make "cmTryCompileExec2363783337/fast"
/usr/bin/make -f CMakeFiles/cmTryCompileExec2363783337.dir/build.make CMakeFiles/cmTryCompileExec2363783337.dir/build
make[1]: Entering directory `/home/damian/projects/QtApps/qmlTransparentQt4/build/CMakeFiles/CMakeTmp'
/usr/bin/cmake -E cmake_progress_report /home/damian/projects/QtApps/qmlTransparentQt4/build/CMakeFiles/CMakeTmp/CMakeFiles 1
Building CXX object CMakeFiles/cmTryCompileExec2363783337.dir/CheckSymbolExists.cxx.o
/usr/bin/c++    -I/usr/include/qt4    -o CMakeFiles/cmTryCompileExec2363783337.dir/CheckSymbolExists.cxx.o -c /home/damian/projects/QtApps/qmlTransparentQt4/build/CMakeFiles/CMakeTmp/CheckSymbolExists.cxx
/home/damian/projects/QtApps/qmlTransparentQt4/build/CMakeFiles/CMakeTmp/CheckSymbolExists.cxx: In function ‘int main(int, char**)’:
/home/damian/projects/QtApps/qmlTransparentQt4/build/CMakeFiles/CMakeTmp/CheckSymbolExists.cxx:8:19: error: ‘Q_WS_WIN’ was not declared in this scope
   return ((int*)(&Q_WS_WIN))[argc];
                   ^
make[1]: *** [CMakeFiles/cmTryCompileExec2363783337.dir/CheckSymbolExists.cxx.o] Error 1
make[1]: Leaving directory `/home/damian/projects/QtApps/qmlTransparentQt4/build/CMakeFiles/CMakeTmp'
make: *** [cmTryCompileExec2363783337/fast] Error 2

File /home/damian/projects/QtApps/qmlTransparentQt4/build/CMakeFiles/CMakeTmp/CheckSymbolExists.cxx:
/* */
#include <QtCore/qglobal.h>

int main(int argc, char** argv)
{
  (void)argv;
#ifndef Q_WS_WIN
  return ((int*)(&Q_WS_WIN))[argc];
#else
  (void)argc;
  return 0;
#endif
}

Determining if the Q_WS_QWS exist failed with the following output:
Change Dir: /home/damian/projects/QtApps/qmlTransparentQt4/build/CMakeFiles/CMakeTmp

Run Build Command:/usr/bin/make "cmTryCompileExec1451770085/fast"
/usr/bin/make -f CMakeFiles/cmTryCompileExec1451770085.dir/build.make CMakeFiles/cmTryCompileExec1451770085.dir/build
make[1]: Entering directory `/home/damian/projects/QtApps/qmlTransparentQt4/build/CMakeFiles/CMakeTmp'
/usr/bin/cmake -E cmake_progress_report /home/damian/projects/QtApps/qmlTransparentQt4/build/CMakeFiles/CMakeTmp/CMakeFiles 1
Building CXX object CMakeFiles/cmTryCompileExec1451770085.dir/CheckSymbolExists.cxx.o
/usr/bin/c++    -I/usr/include/qt4    -o CMakeFiles/cmTryCompileExec1451770085.dir/CheckSymbolExists.cxx.o -c /home/damian/projects/QtApps/qmlTransparentQt4/build/CMakeFiles/CMakeTmp/CheckSymbolExists.cxx
/home/damian/projects/QtApps/qmlTransparentQt4/build/CMakeFiles/CMakeTmp/CheckSymbolExists.cxx: In function ‘int main(int, char**)’:
/home/damian/projects/QtApps/qmlTransparentQt4/build/CMakeFiles/CMakeTmp/CheckSymbolExists.cxx:8:19: error: ‘Q_WS_QWS’ was not declared in this scope
   return ((int*)(&Q_WS_QWS))[argc];
                   ^
make[1]: *** [CMakeFiles/cmTryCompileExec1451770085.dir/CheckSymbolExists.cxx.o] Error 1
make[1]: Leaving directory `/home/damian/projects/QtApps/qmlTransparentQt4/build/CMakeFiles/CMakeTmp'
make: *** [cmTryCompileExec1451770085/fast] Error 2

File /home/damian/projects/QtApps/qmlTransparentQt4/build/CMakeFiles/CMakeTmp/CheckSymbolExists.cxx:
/* */
#include <QtCore/qglobal.h>

int main(int argc, char** argv)
{
  (void)argv;
#ifndef Q_WS_QWS
  return ((int*)(&Q_WS_QWS))[argc];
#else
  (void)argc;
  return 0;
#endif
}

Determining if the Q_WS_MAC exist failed with the following output:
Change Dir: /home/damian/projects/QtApps/qmlTransparentQt4/build/CMakeFiles/CMakeTmp

Run Build Command:/usr/bin/make "cmTryCompileExec4140368951/fast"
/usr/bin/make -f CMakeFiles/cmTryCompileExec4140368951.dir/build.make CMakeFiles/cmTryCompileExec4140368951.dir/build
make[1]: Entering directory `/home/damian/projects/QtApps/qmlTransparentQt4/build/CMakeFiles/CMakeTmp'
/usr/bin/cmake -E cmake_progress_report /home/damian/projects/QtApps/qmlTransparentQt4/build/CMakeFiles/CMakeTmp/CMakeFiles 1
Building CXX object CMakeFiles/cmTryCompileExec4140368951.dir/CheckSymbolExists.cxx.o
/usr/bin/c++    -I/usr/include/qt4    -o CMakeFiles/cmTryCompileExec4140368951.dir/CheckSymbolExists.cxx.o -c /home/damian/projects/QtApps/qmlTransparentQt4/build/CMakeFiles/CMakeTmp/CheckSymbolExists.cxx
/home/damian/projects/QtApps/qmlTransparentQt4/build/CMakeFiles/CMakeTmp/CheckSymbolExists.cxx: In function ‘int main(int, char**)’:
/home/damian/projects/QtApps/qmlTransparentQt4/build/CMakeFiles/CMakeTmp/CheckSymbolExists.cxx:8:19: error: ‘Q_WS_MAC’ was not declared in this scope
   return ((int*)(&Q_WS_MAC))[argc];
                   ^
make[1]: *** [CMakeFiles/cmTryCompileExec4140368951.dir/CheckSymbolExists.cxx.o] Error 1
make[1]: Leaving directory `/home/damian/projects/QtApps/qmlTransparentQt4/build/CMakeFiles/CMakeTmp'
make: *** [cmTryCompileExec4140368951/fast] Error 2

File /home/damian/projects/QtApps/qmlTransparentQt4/build/CMakeFiles/CMakeTmp/CheckSymbolExists.cxx:
/* */
#include <QtCore/qglobal.h>

int main(int argc, char** argv)
{
  (void)argv;
#ifndef Q_WS_MAC
  return ((int*)(&Q_WS_MAC))[argc];
#else
  (void)argc;
  return 0;
#endif
}

